[13:46:05] [main/INFO]: Environment: authHost='https://authserver.mojang.com', accountsHost='https://api.mojang.com', sessionHost='https://sessionserver.mojang.com', servicesHost='https://api.minecraftservices.com', name='PROD'
[13:46:05] [main/INFO]: Reloading ResourceManager: Default, bukkit
[13:46:06] [Worker-Main-4/INFO]: Loaded 7 recipes
[13:46:08] [Server thread/INFO]: Starting minecraft server version 1.17.1
[13:46:08] [Server thread/INFO]: Loading properties
[13:46:08] [Server thread/INFO]: This server is running Paper version git-Paper-88 (MC: 1.17.1) (Implementing API version 1.17.1-R0.1-SNAPSHOT) (Git: 648f607)
[13:46:08] [Server thread/INFO]: Debug logging is disabled
[13:46:08] [Server thread/INFO]: Using 4 threads for Netty based IO
[13:46:08] [Server thread/INFO]: Server Ping Player Sample Count: 12
[13:46:08] [Server thread/INFO]: Default game type: SURVIVAL
[13:46:08] [Server thread/INFO]: Generating keypair
[13:46:08] [Server thread/INFO]: Starting Minecraft server on *:25569
[13:46:08] [Server thread/INFO]: Using default channel type
[13:46:09] [Server thread/INFO]: [Slimefun] Loading Slimefun vRC - 25 (git 847bbec6)
[13:46:09] [Server thread/INFO]: [Essentials] Loading Essentials v2.19.0-dev+202-a098055
[13:46:09] [Server thread/INFO]: [WondercraftSFAddon] Loading WondercraftSFAddon v1.0
[13:46:09] [Server thread/INFO]: Server permissions file permissions.yml is empty, ignoring it
[13:46:09] [Server thread/INFO]: Preparing level "world"
[13:46:09] [Server thread/INFO]: Preparing start region for dimension minecraft:overworld
[13:46:12] [Server thread/INFO]: Time elapsed: 2563 ms
[13:46:12] [Server thread/INFO]: Preparing start region for dimension minecraft:the_nether
[13:46:14] [Worker-Main-6/INFO]: Preparing spawn area: 0%
[13:46:14] [Worker-Main-2/INFO]: Preparing spawn area: 0%
[13:46:14] [Worker-Main-5/INFO]: Preparing spawn area: 0%
[13:46:14] [Worker-Main-5/INFO]: Preparing spawn area: 0%
[13:46:14] [Worker-Main-3/INFO]: Preparing spawn area: 0%
[13:46:14] [Server thread/INFO]: Time elapsed: 2163 ms
[13:46:14] [Server thread/INFO]: Preparing start region for dimension minecraft:the_end
[13:46:18] [Worker-Main-4/INFO]: Preparing spawn area: 0%
[13:46:18] [Worker-Main-3/INFO]: Preparing spawn area: 0%
[13:46:18] [Worker-Main-3/INFO]: Preparing spawn area: 0%
[13:46:18] [Worker-Main-3/INFO]: Preparing spawn area: 0%
[13:46:18] [Worker-Main-4/INFO]: Preparing spawn area: 0%
[13:46:18] [Worker-Main-4/INFO]: Preparing spawn area: 0%
[13:46:18] [Worker-Main-4/INFO]: Preparing spawn area: 0%
[13:46:18] [Worker-Main-4/INFO]: Preparing spawn area: 0%
[13:46:18] [Worker-Main-6/INFO]: Preparing spawn area: 0%
[13:46:19] [Worker-Main-4/INFO]: Preparing spawn area: 0%
[13:46:19] [Server thread/INFO]: Time elapsed: 4977 ms
[13:46:19] [Server thread/INFO]: [Slimefun] Enabling Slimefun vRC - 25 (git 847bbec6)
[13:46:19] [Server thread/INFO]: [Slimefun] Paper was detected! Performance optimizations have been applied.
[13:46:19] [Server thread/INFO]: [Slimefun] Creating directories...
[13:46:19] [Server thread/INFO]: [Slimefun] Loading language files...
[13:46:21] [Server thread/INFO]: [Slimefun] Loaded language "en"
[13:46:21] [Server thread/INFO]: [Slimefun] Available languages: en, de, fr, it, es, ru, uk, sv, cs, bg, pt-BR, hu, sk, vi, id, zh-CN, zh-TW, ja, ko, he, ar, tr, th, tl
[13:46:21] [Server thread/INFO]: [Slimefun] Starting Auto-Updater...
[13:46:21] [Server thread/INFO]: [Slimefun] Loading GEO-Resources...
[13:46:22] [Server thread/INFO]: [Slimefun] Loading Tags...
[13:46:22] [Server thread/INFO]: [Slimefun] Loading items...
[13:46:23] [Server thread/INFO]: [Slimefun] Loading researches...
[13:46:23] [Server thread/INFO]: [Slimefun] Loading Wiki pages...
[13:46:23] [Server thread/INFO]: [Slimefun] Registering listeners...
[13:46:24] [Server thread/INFO]: [Slimefun] Loading Third-Party plugin integrations...
[13:46:24] [Server thread/INFO]: [Slimefun] Slimefun has finished loading in 4.47s
[13:46:24] [Server thread/INFO]: [Essentials] Enabling Essentials v2.19.0-dev+202-a098055
[13:46:24] [Server thread/INFO]: [Essentials] Attempting to convert old kits in config.yml to new kits.yml
[13:46:24] [Server thread/INFO]: [Essentials] No kits found to migrate.
[13:46:24] [Server thread/INFO]: [Essentials] Loaded 36837 items from items.json.
[13:46:24] [Server thread/INFO]: [Essentials] Using locale en_GB
[13:46:24] [Server thread/INFO]: [Essentials] ServerListPingEvent: Spigot iterator API
[13:46:24] [Server thread/INFO]: [Essentials] Starting Metrics. Opt-out using the global bStats config.
[13:46:24] [Server thread/INFO]: [Essentials] Using superperms-based permissions.
[13:46:24] [Server thread/INFO]: [WondercraftSFAddon] Enabling WondercraftSFAddon v1.0
[13:46:24] [Server thread/INFO]: ---------------------------------------------
[13:46:24] [Server thread/INFO]: Wondercraft Extra Slimefun Addon's Loading...
[13:46:25] [Server thread/WARN]: java.lang.ClassNotFoundException: net.minecraft.server.v1_17_R1.EntityPlayer
[13:46:25] [Server thread/WARN]: 	at org.bukkit.plugin.java.PluginClassLoader.loadClass0(PluginClassLoader.java:146)
[13:46:25] [Server thread/WARN]: 	at org.bukkit.plugin.java.PluginClassLoader.loadClass(PluginClassLoader.java:103)
[13:46:25] [Server thread/WARN]: 	at java.base/java.lang.ClassLoader.loadClass(ClassLoader.java:519)
[13:46:25] [Server thread/WARN]: 	at java.base/java.lang.Class.forName0(Native Method)
[13:46:25] [Server thread/WARN]: 	at java.base/java.lang.Class.forName(Class.java:375)
[13:46:25] [Server thread/WARN]: 	at tech.obliviondevelop.SF.ReflectionUtils.getClass(ReflectionUtils.java:235)
[13:46:25] [Server thread/WARN]: 	at tech.obliviondevelop.SF.ReflectionUtils.<clinit>(ReflectionUtils.java:37)
[13:46:25] [Server thread/WARN]: 	at tech.obliviondevelop.SF.CustomSkull.<clinit>(CustomSkull.java:30)
[13:46:25] [Server thread/WARN]: 	at tech.obliviondevelop.SF.Lists.WonderItems.getSkull(WonderItems.java:346)
[13:46:25] [Server thread/WARN]: 	at tech.obliviondevelop.SF.Lists.WonderItems.<clinit>(WonderItems.java:74)
[13:46:25] [Server thread/WARN]: 	at tech.obliviondevelop.SF.IndustrialGrinder.<init>(IndustrialGrinder.java:21)
[13:46:25] [Server thread/WARN]: 	at tech.obliviondevelop.SF.Setup.onEnable(Setup.java:167)
[13:46:25] [Server thread/WARN]: 	at org.bukkit.plugin.java.JavaPlugin.setEnabled(JavaPlugin.java:263)
[13:46:25] [Server thread/WARN]: 	at org.bukkit.plugin.java.JavaPluginLoader.enablePlugin(JavaPluginLoader.java:370)
[13:46:25] [Server thread/WARN]: 	at org.bukkit.plugin.SimplePluginManager.enablePlugin(SimplePluginManager.java:500)
[13:46:25] [Server thread/WARN]: 	at org.bukkit.craftbukkit.v1_17_R1.CraftServer.enablePlugin(CraftServer.java:518)
[13:46:25] [Server thread/WARN]: 	at org.bukkit.craftbukkit.v1_17_R1.CraftServer.enablePlugins(CraftServer.java:432)
[13:46:25] [Server thread/WARN]: 	at net.minecraft.server.MinecraftServer.loadWorld(MinecraftServer.java:639)
[13:46:25] [Server thread/WARN]: 	at net.minecraft.server.dedicated.DedicatedServer.init(DedicatedServer.java:306)
[13:46:25] [Server thread/WARN]: 	at net.minecraft.server.MinecraftServer.x(MinecraftServer.java:1126)
[13:46:25] [Server thread/WARN]: 	at net.minecraft.server.MinecraftServer.lambda$spin$0(MinecraftServer.java:316)
[13:46:25] [Server thread/WARN]: 	at java.base/java.lang.Thread.run(Thread.java:831)
[13:46:25] [Server thread/WARN]: java.lang.ClassNotFoundException: net.minecraft.server.v1_17_R1.TileEntitySkull
[13:46:25] [Server thread/WARN]: 	at org.bukkit.plugin.java.PluginClassLoader.loadClass0(PluginClassLoader.java:146)
[13:46:25] [Server thread/WARN]: 	at org.bukkit.plugin.java.PluginClassLoader.loadClass(PluginClassLoader.java:103)
[13:46:25] [Server thread/WARN]: 	at java.base/java.lang.ClassLoader.loadClass(ClassLoader.java:519)
[13:46:25] [Server thread/WARN]: 	at java.base/java.lang.Class.forName0(Native Method)
[13:46:25] [Server thread/WARN]: 	at java.base/java.lang.Class.forName(Class.java:375)
[13:46:25] [Server thread/WARN]: 	at tech.obliviondevelop.SF.ReflectionUtils.getClass(ReflectionUtils.java:235)
[13:46:25] [Server thread/WARN]: 	at tech.obliviondevelop.SF.CustomSkull.<clinit>(CustomSkull.java:35)
[13:46:25] [Server thread/WARN]: 	at tech.obliviondevelop.SF.Lists.WonderItems.getSkull(WonderItems.java:346)
[13:46:25] [Server thread/WARN]: 	at tech.obliviondevelop.SF.Lists.WonderItems.<clinit>(WonderItems.java:74)
[13:46:25] [Server thread/WARN]: 	at tech.obliviondevelop.SF.IndustrialGrinder.<init>(IndustrialGrinder.java:21)
[13:46:25] [Server thread/WARN]: 	at tech.obliviondevelop.SF.Setup.onEnable(Setup.java:167)
[13:46:25] [Server thread/WARN]: 	at org.bukkit.plugin.java.JavaPlugin.setEnabled(JavaPlugin.java:263)
[13:46:25] [Server thread/WARN]: 	at org.bukkit.plugin.java.JavaPluginLoader.enablePlugin(JavaPluginLoader.java:370)
[13:46:25] [Server thread/WARN]: 	at org.bukkit.plugin.SimplePluginManager.enablePlugin(SimplePluginManager.java:500)
[13:46:25] [Server thread/WARN]: 	at org.bukkit.craftbukkit.v1_17_R1.CraftServer.enablePlugin(CraftServer.java:518)
[13:46:25] [Server thread/WARN]: 	at org.bukkit.craftbukkit.v1_17_R1.CraftServer.enablePlugins(CraftServer.java:432)
[13:46:25] [Server thread/WARN]: 	at net.minecraft.server.MinecraftServer.loadWorld(MinecraftServer.java:639)
[13:46:25] [Server thread/WARN]: 	at net.minecraft.server.dedicated.DedicatedServer.init(DedicatedServer.java:306)
[13:46:25] [Server thread/WARN]: 	at net.minecraft.server.MinecraftServer.x(MinecraftServer.java:1126)
[13:46:25] [Server thread/WARN]: 	at net.minecraft.server.MinecraftServer.lambda$spin$0(MinecraftServer.java:316)
[13:46:25] [Server thread/WARN]: 	at java.base/java.lang.Thread.run(Thread.java:831)
[13:46:25] [Server thread/WARN]: [WondercraftSFAddon] ConcreteMixer - 'CONCRETE_MIXER' (WondercraftSFAddon v1.0): The capacity has not been configured correctly. The Item was disabled.
[13:46:25] [Server thread/WARN]: [WondercraftSFAddon] ConcreteMixer - 'CONCRETE_MIXER' (WondercraftSFAddon v1.0): Make sure to call 'ConcreteMixer#setEnergyCapacity(...)' before registering!
[13:46:25] [Server thread/WARN]: [WondercraftSFAddon] ConcreteMixer - 'CONCRETE_MIXER' (WondercraftSFAddon v1.0): The energy consumption has not been configured correctly. The Item was disabled.
[13:46:25] [Server thread/WARN]: [WondercraftSFAddon] ConcreteMixer - 'CONCRETE_MIXER' (WondercraftSFAddon v1.0): Make sure to call 'ConcreteMixer#setEnergyConsumption(...)' before registering!
[13:46:25] [Server thread/WARN]: [WondercraftSFAddon] ConcreteMixer - 'CONCRETE_MIXER' (WondercraftSFAddon v1.0): The processing speed has not been configured correctly. The Item was disabled.
[13:46:25] [Server thread/WARN]: [WondercraftSFAddon] ConcreteMixer - 'CONCRETE_MIXER' (WondercraftSFAddon v1.0): Make sure to call 'ConcreteMixer#setProcessingSpeed(...)' before registering!
[13:46:25] [Server thread/WARN]: [WondercraftSFAddon] WonderSolarGenerator - 'WONDER_SOLAR_GENERATOR' (WondercraftSFAddon v1.0): The energy consumption has not been configured correctly. The Item was disabled.
[13:46:25] [Server thread/WARN]: [WondercraftSFAddon] WonderSolarGenerator - 'WONDER_SOLAR_GENERATOR' (WondercraftSFAddon v1.0): Make sure to call 'WonderSolarGenerator#setEnergyProduction(...)' before registering!
[13:46:25] [Server thread/WARN]: [WondercraftSFAddon] WonderSolarGeneratorII - 'WONDER_SOLAR_GENERATOR_II' (WondercraftSFAddon v1.0): The energy consumption has not been configured correctly. The Item was disabled.
[13:46:25] [Server thread/WARN]: [WondercraftSFAddon] WonderSolarGeneratorII - 'WONDER_SOLAR_GENERATOR_II' (WondercraftSFAddon v1.0): Make sure to call 'WonderSolarGeneratorII#setEnergyProduction(...)' before registering!
[13:46:25] [Server thread/WARN]: [WondercraftSFAddon] WonderSolarGeneratorIII - 'WONDER_SOLAR_GENERATOR_III' (WondercraftSFAddon v1.0): The energy consumption has not been configured correctly. The Item was disabled.
[13:46:25] [Server thread/WARN]: [WondercraftSFAddon] WonderSolarGeneratorIII - 'WONDER_SOLAR_GENERATOR_III' (WondercraftSFAddon v1.0): Make sure to call 'WonderSolarGeneratorIII#setEnergyProduction(...)' before registering!
[13:46:25] [Server thread/INFO]: Wondercraft Extra Slimefun Addon's Loaded...
[13:46:25] [Server thread/INFO]: ---------------------------------------------
[13:46:25] [Server thread/INFO]: Running delayed init tasks
[13:46:25] [Craft Scheduler Thread - 0/INFO]: [Essentials] Fetching version information...
[13:46:25] [Server thread/INFO]: [Slimefun] Now running MetricsModule build #25
[13:46:25] [Server thread/INFO]: [Slimefun] with a total of 19/19 chart(s)!
[13:46:25] [Server thread/INFO]: [Slimefun] Metrics build #25 started.
[13:46:25] [Server thread/INFO]: [Slimefun] Collecting Snapshots of all Recipes...
[13:46:25] [Server thread/INFO]: [Slimefun] Found 1,058 Recipes!
[13:46:25] [Server thread/INFO]: 
[13:46:25] [Server thread/INFO]: ######################### - Slimefun vRC - 25 (git 847bbec6) - #########################
[13:46:25] [Server thread/INFO]: 
[13:46:25] [Server thread/INFO]: Successfully loaded 733 Items and 320 Researches
[13:46:25] [Server thread/INFO]: ( 541 Items from Slimefun, 192 Items from 1 Addons )
[13:46:25] [Server thread/INFO]: 
[13:46:25] [Server thread/INFO]: Slimefun is an Open-Source project that is kept alive by a large community.
[13:46:25] [Server thread/INFO]: Consider helping us maintain this project by contributing on GitHub!
[13:46:25] [Server thread/INFO]: 
[13:46:25] [Server thread/INFO]:  - Source Code:  https://github.com/Slimefun/Slimefun4
[13:46:25] [Server thread/INFO]:  - Wiki:         https://github.com/Slimefun/Slimefun4/wiki
[13:46:25] [Server thread/INFO]:  - Addons:       https://github.com/Slimefun/Slimefun4/wiki/Addons
[13:46:25] [Server thread/INFO]:  - Bug Reports:  https://github.com/Slimefun/Slimefun4/issues
[13:46:25] [Server thread/INFO]:  - Discord:      https://discord.gg/slimefun
[13:46:25] [Server thread/INFO]: 
[13:46:25] [Updater Thread/INFO]: [Slimefun] Slimefun is already up to date!
[13:46:25] [Craft Scheduler Thread - 0/WARN]: [Essentials] You're 19 EssentialsX dev build(s) out of date!
[13:46:25] [Craft Scheduler Thread - 0/WARN]: [Essentials] Download it here: https://essentialsx.net/downloads.html
[13:46:25] [Server thread/INFO]: [Slimefun] Loading Blocks for World "world"
[13:46:25] [Server thread/INFO]: [Slimefun] This may take a long time...
[13:46:25] [Server thread/INFO]: [Slimefun] Loading Blocks... 100% (FINISHED - 10ms)
[13:46:25] [Server thread/INFO]: [Slimefun] Loaded a total of 32 Blocks for World "world"
[13:46:25] [Server thread/INFO]: [Slimefun] Avg: 0.31ms/Block
[13:46:25] [Server thread/INFO]: [Slimefun] Loading Blocks for World "world_nether"
[13:46:25] [Server thread/INFO]: [Slimefun] This may take a long time...
[13:46:25] [Server thread/INFO]: [Slimefun] Loading Blocks... 100% (FINISHED - 0ms)
[13:46:25] [Server thread/INFO]: [Slimefun] Loaded a total of 0 Blocks for World "world_nether"
[13:46:25] [Server thread/INFO]: [Slimefun] Loading Blocks for World "world_the_end"
[13:46:25] [Server thread/INFO]: [Slimefun] This may take a long time...
[13:46:25] [Server thread/INFO]: [Slimefun] Loading Blocks... 100% (FINISHED - 0ms)
[13:46:25] [Server thread/INFO]: [Slimefun] Loaded a total of 0 Blocks for World "world_the_end"
[13:46:25] [Server thread/INFO]: [CS-CoreLib2] Loading Protection Modules...
[13:46:25] [Server thread/INFO]: [CS-CoreLib2] This may happen more than once.
[13:46:25] [Server thread/INFO]: Done (17.661s)! For help, type "help"
[13:46:25] [Server thread/INFO]: Timings Reset
[13:46:47] [User Authenticator #1/INFO]: UUID of player apocolyp4 is a4cad2db-f34d-4871-8e43-76d83a67e6e4
[13:46:48] [Server thread/INFO]: apocolyp4 joined the game
[13:46:48] [Server thread/INFO]: apocolyp4[/127.0.0.1:62575] logged in with entity id 303 at ([world]250.13750289168462, 64.0, -205.37202724089545)
[13:46:50] [Server thread/WARN]: UUID of added entity already exists: EntityChicken['Chicken'/316, uuid='0f765a12-45e8-42b4-a6d2-e3058ed66462', l='ServerLevel[world]', x=165.23, y=66.00, z=-43.17, cpos=[10, -3], tl=18013, v=false, rR=null]
[13:48:05] [Craft Scheduler Thread - 9/INFO]: [Slimefun] Auto-saving block data... (Next auto-save: 10m)
[13:48:05] [Craft Scheduler Thread - 9/INFO]: [Slimefun] Saving block data for world "world" (1 change(s) queued)
[13:48:07] [Server thread/INFO]: apocolyp4 issued server command: /sf give apocolyp4 DESALINATION_PLANT 10
[13:48:32] [Server thread/INFO]: apocolyp4 lost connection: Disconnected
[13:48:32] [Server thread/INFO]: apocolyp4 left the game
[13:49:07] [Server thread/INFO]: Unknown command. Type "/help" for help.
[13:49:09] [Server thread/INFO]: Unknown command. Type "/help" for help.
[13:49:11] [Server thread/INFO]: Unknown command. Type "/help" for help.
